<?xml version="1.0" encoding="utf-8"?><testsuites><testsuite name="pytest" errors="0" failures="0" skipped="0" tests="5" time="0.032" timestamp="2024-12-03T19:59:29.735560+07:00" hostname="polinaa"><testcase classname="lab11_2" name="test_multiply" time="0.001" /><testcase classname="lab11_2" name="test_divide" time="0.001" /><testcase classname="lab11_2" name="test_distance" time="0.001" /><testcase classname="lab11_2" name="test_solve_quadratic" time="0.000" /><testcase classname="lab11_2" name="test_geometric_sum" time="0.000" /></testsuite></testsuites>
<!-- Корохова Полина 107В1-->